2020/07/17 10:19:06 [emerg] 1#1: duplicate location "/" in /etc/nginx/conf.d/default.conf:41
2020/07/17 10:19:07 [emerg] 1#1: duplicate location "/" in /etc/nginx/conf.d/default.conf:41
2020/07/17 10:19:08 [emerg] 1#1: duplicate location "/" in /etc/nginx/conf.d/default.conf:41
2020/07/17 10:19:09 [emerg] 1#1: duplicate location "/" in /etc/nginx/conf.d/default.conf:41
2020/07/17 10:19:10 [emerg] 1#1: duplicate location "/" in /etc/nginx/conf.d/default.conf:41
2020/07/17 10:19:13 [emerg] 1#1: duplicate location "/" in /etc/nginx/conf.d/default.conf:41
2020/07/17 10:19:16 [emerg] 1#1: duplicate location "/" in /etc/nginx/conf.d/default.conf:41
2020/07/21 10:32:18 [emerg] 1#1: invalid parameter "http://microservices-auth-service-dev:3010$uri" in /etc/nginx/conf.d/default.conf:16
2020/07/21 10:32:19 [emerg] 1#1: invalid parameter "http://microservices-auth-service-dev:3010$uri" in /etc/nginx/conf.d/default.conf:16
2020/07/21 10:32:20 [emerg] 1#1: invalid parameter "http://microservices-auth-service-dev:3010$uri" in /etc/nginx/conf.d/default.conf:16
2020/07/21 10:32:21 [emerg] 1#1: invalid parameter "http://microservices-auth-service-dev:3010$uri" in /etc/nginx/conf.d/default.conf:16
2020/07/21 10:32:22 [emerg] 1#1: invalid parameter "http://microservices-auth-service-dev:3010$uri" in /etc/nginx/conf.d/default.conf:16
2020/07/21 10:32:24 [emerg] 1#1: invalid parameter "http://microservices-auth-service-dev:3010$uri" in /etc/nginx/conf.d/default.conf:16
2020/07/21 10:32:28 [emerg] 1#1: invalid parameter "http://microservices-auth-service-dev:3010$uri" in /etc/nginx/conf.d/default.conf:16
2020/07/21 10:32:35 [emerg] 1#1: invalid parameter "http://microservices-auth-service-dev:3010$uri" in /etc/nginx/conf.d/default.conf:16
2020/07/21 10:32:48 [emerg] 1#1: invalid parameter "http://microservices-auth-service-dev:3010$uri" in /etc/nginx/conf.d/default.conf:16
2020/07/21 10:33:15 [emerg] 1#1: invalid parameter "http://microservices-auth-service-dev:3010$uri" in /etc/nginx/conf.d/default.conf:16
2020/07/21 10:34:07 [emerg] 1#1: invalid parameter "http://microservices-auth-service-dev:3010$uri" in /etc/nginx/conf.d/default.conf:16
2020/07/21 10:35:07 [emerg] 1#1: invalid parameter "http://microservices-auth-service-dev:3010$uri" in /etc/nginx/conf.d/default.conf:16
2020/07/21 10:36:08 [emerg] 1#1: invalid parameter "http://microservices-auth-service-dev:3010$uri" in /etc/nginx/conf.d/default.conf:16
2020/07/21 10:37:08 [emerg] 1#1: invalid parameter "http://microservices-auth-service-dev:3010$uri" in /etc/nginx/conf.d/default.conf:16
2020/07/21 10:38:09 [emerg] 1#1: invalid parameter "http://microservices-auth-service-dev:3010$uri" in /etc/nginx/conf.d/default.conf:16
2020/07/21 11:02:51 [emerg] 1#1: duplicate location "/" in /etc/nginx/conf.d/default.conf:18
2020/07/21 11:02:52 [emerg] 1#1: duplicate location "/" in /etc/nginx/conf.d/default.conf:18
2020/07/21 11:02:53 [emerg] 1#1: duplicate location "/" in /etc/nginx/conf.d/default.conf:18
2020/07/21 11:02:54 [emerg] 1#1: duplicate location "/" in /etc/nginx/conf.d/default.conf:18
2020/07/21 11:02:55 [emerg] 1#1: duplicate location "/" in /etc/nginx/conf.d/default.conf:18
2020/07/21 11:02:58 [emerg] 1#1: duplicate location "/" in /etc/nginx/conf.d/default.conf:18
2020/07/21 11:17:18 [emerg] 1#1: unknown directive "proxy_redirect:" in /etc/nginx/conf.d/default.conf:16
2020/07/21 11:17:19 [emerg] 1#1: unknown directive "proxy_redirect:" in /etc/nginx/conf.d/default.conf:16
2020/07/21 11:17:20 [emerg] 1#1: unknown directive "proxy_redirect:" in /etc/nginx/conf.d/default.conf:16
2020/07/21 11:17:21 [emerg] 1#1: unknown directive "proxy_redirect:" in /etc/nginx/conf.d/default.conf:16
2020/07/21 11:17:22 [emerg] 1#1: unknown directive "proxy_redirect:" in /etc/nginx/conf.d/default.conf:16
2020/07/21 11:17:24 [emerg] 1#1: unknown directive "proxy_redirect:" in /etc/nginx/conf.d/default.conf:16
2020/07/21 11:17:28 [emerg] 1#1: unknown directive "proxy_redirect:" in /etc/nginx/conf.d/default.conf:16
2020/07/22 04:34:19 [emerg] 1#1: "proxy_pass" cannot have URI part in location given by regular expression, or inside named location, or inside "if" statement, or inside "limit_except" block in /etc/nginx/conf.d/default.conf:27
2020/07/22 04:34:20 [emerg] 1#1: "proxy_pass" cannot have URI part in location given by regular expression, or inside named location, or inside "if" statement, or inside "limit_except" block in /etc/nginx/conf.d/default.conf:27
2020/07/22 04:34:21 [emerg] 1#1: "proxy_pass" cannot have URI part in location given by regular expression, or inside named location, or inside "if" statement, or inside "limit_except" block in /etc/nginx/conf.d/default.conf:27
2020/07/22 04:34:22 [emerg] 1#1: "proxy_pass" cannot have URI part in location given by regular expression, or inside named location, or inside "if" statement, or inside "limit_except" block in /etc/nginx/conf.d/default.conf:27
2020/07/22 04:34:23 [emerg] 1#1: "proxy_pass" cannot have URI part in location given by regular expression, or inside named location, or inside "if" statement, or inside "limit_except" block in /etc/nginx/conf.d/default.conf:27
2020/07/22 04:34:25 [emerg] 1#1: "proxy_pass" cannot have URI part in location given by regular expression, or inside named location, or inside "if" statement, or inside "limit_except" block in /etc/nginx/conf.d/default.conf:27
2020/07/22 04:34:29 [emerg] 1#1: "proxy_pass" cannot have URI part in location given by regular expression, or inside named location, or inside "if" statement, or inside "limit_except" block in /etc/nginx/conf.d/default.conf:27
2020/07/22 04:48:50 [emerg] 1#1: invalid variable name in /etc/nginx/conf.d/default.conf:24
2020/07/22 04:48:51 [emerg] 1#1: invalid variable name in /etc/nginx/conf.d/default.conf:24
2020/07/22 04:48:52 [emerg] 1#1: invalid variable name in /etc/nginx/conf.d/default.conf:24
2020/07/22 04:48:53 [emerg] 1#1: invalid variable name in /etc/nginx/conf.d/default.conf:24
2020/07/22 04:48:54 [emerg] 1#1: invalid variable name in /etc/nginx/conf.d/default.conf:24
2020/07/22 04:48:56 [emerg] 1#1: invalid variable name in /etc/nginx/conf.d/default.conf:24
2020/07/22 05:02:56 [emerg] 1#1: invalid port in upstream "microservices-auth-service-dev:3010." in /etc/nginx/conf.d/default.conf:30
2020/07/22 05:02:57 [emerg] 1#1: invalid port in upstream "microservices-auth-service-dev:3010." in /etc/nginx/conf.d/default.conf:30
2020/07/22 05:02:58 [emerg] 1#1: invalid port in upstream "microservices-auth-service-dev:3010." in /etc/nginx/conf.d/default.conf:30
2020/07/22 05:02:59 [emerg] 1#1: invalid port in upstream "microservices-auth-service-dev:3010." in /etc/nginx/conf.d/default.conf:30
2020/07/22 05:03:00 [emerg] 1#1: invalid port in upstream "microservices-auth-service-dev:3010." in /etc/nginx/conf.d/default.conf:30
2020/07/22 05:52:00 [emerg] 1#1: pcre_compile() failed: nothing to repeat in "^(*)$" at "*)$" in /etc/nginx/conf.d/default.conf:30
2020/07/22 05:52:01 [emerg] 1#1: pcre_compile() failed: nothing to repeat in "^(*)$" at "*)$" in /etc/nginx/conf.d/default.conf:30
2020/07/22 05:52:02 [emerg] 1#1: pcre_compile() failed: nothing to repeat in "^(*)$" at "*)$" in /etc/nginx/conf.d/default.conf:30
2020/07/22 05:52:03 [emerg] 1#1: pcre_compile() failed: nothing to repeat in "^(*)$" at "*)$" in /etc/nginx/conf.d/default.conf:30
2020/07/22 05:52:05 [emerg] 1#1: pcre_compile() failed: nothing to repeat in "^(*)$" at "*)$" in /etc/nginx/conf.d/default.conf:30
2020/07/22 07:13:30 [emerg] 1#1: invalid number of arguments in "rewrite" directive in /etc/nginx/conf.d/default.conf:8
2020/07/22 07:13:31 [emerg] 1#1: invalid number of arguments in "rewrite" directive in /etc/nginx/conf.d/default.conf:8
2020/07/22 07:13:32 [emerg] 1#1: invalid number of arguments in "rewrite" directive in /etc/nginx/conf.d/default.conf:8
2020/07/22 07:13:33 [emerg] 1#1: invalid number of arguments in "rewrite" directive in /etc/nginx/conf.d/default.conf:8
2020/07/22 07:13:35 [emerg] 1#1: invalid number of arguments in "rewrite" directive in /etc/nginx/conf.d/default.conf:8
2020/07/22 07:13:37 [emerg] 1#1: invalid number of arguments in "rewrite" directive in /etc/nginx/conf.d/default.conf:8
2020/07/22 07:13:51 [emerg] 1#1: invalid number of arguments in "rewrite" directive in /etc/nginx/conf.d/default.conf:8
2020/07/22 07:13:52 [emerg] 1#1: invalid number of arguments in "rewrite" directive in /etc/nginx/conf.d/default.conf:8
2020/07/22 07:13:52 [emerg] 1#1: invalid number of arguments in "rewrite" directive in /etc/nginx/conf.d/default.conf:8
2020/07/22 07:13:53 [emerg] 1#1: invalid number of arguments in "rewrite" directive in /etc/nginx/conf.d/default.conf:8
2020/07/22 07:13:55 [emerg] 1#1: invalid number of arguments in "rewrite" directive in /etc/nginx/conf.d/default.conf:8
2020/07/22 10:34:21 [emerg] 1#1: "proxy_pass" cannot have URI part in location given by regular expression, or inside named location, or inside "if" statement, or inside "limit_except" block in /etc/nginx/conf.d/default.conf:32
2020/07/22 10:34:22 [emerg] 1#1: "proxy_pass" cannot have URI part in location given by regular expression, or inside named location, or inside "if" statement, or inside "limit_except" block in /etc/nginx/conf.d/default.conf:32
2020/07/22 10:34:23 [emerg] 1#1: "proxy_pass" cannot have URI part in location given by regular expression, or inside named location, or inside "if" statement, or inside "limit_except" block in /etc/nginx/conf.d/default.conf:32
2020/07/22 10:34:24 [emerg] 1#1: "proxy_pass" cannot have URI part in location given by regular expression, or inside named location, or inside "if" statement, or inside "limit_except" block in /etc/nginx/conf.d/default.conf:32
2020/07/22 10:34:25 [emerg] 1#1: "proxy_pass" cannot have URI part in location given by regular expression, or inside named location, or inside "if" statement, or inside "limit_except" block in /etc/nginx/conf.d/default.conf:32
2020/07/22 10:34:28 [emerg] 1#1: "proxy_pass" cannot have URI part in location given by regular expression, or inside named location, or inside "if" statement, or inside "limit_except" block in /etc/nginx/conf.d/default.conf:32
2020/07/22 10:34:31 [emerg] 1#1: "proxy_pass" cannot have URI part in location given by regular expression, or inside named location, or inside "if" statement, or inside "limit_except" block in /etc/nginx/conf.d/default.conf:32
2020/07/22 10:34:38 [emerg] 1#1: "proxy_pass" cannot have URI part in location given by regular expression, or inside named location, or inside "if" statement, or inside "limit_except" block in /etc/nginx/conf.d/default.conf:32
2020/07/22 10:35:10 [emerg] 1#1: "proxy_pass" cannot have URI part in location given by regular expression, or inside named location, or inside "if" statement, or inside "limit_except" block in /etc/nginx/conf.d/default.conf:32
2020/07/22 10:35:11 [emerg] 1#1: "proxy_pass" cannot have URI part in location given by regular expression, or inside named location, or inside "if" statement, or inside "limit_except" block in /etc/nginx/conf.d/default.conf:32
2020/07/22 10:35:12 [emerg] 1#1: "proxy_pass" cannot have URI part in location given by regular expression, or inside named location, or inside "if" statement, or inside "limit_except" block in /etc/nginx/conf.d/default.conf:32
2020/07/22 10:35:13 [emerg] 1#1: "proxy_pass" cannot have URI part in location given by regular expression, or inside named location, or inside "if" statement, or inside "limit_except" block in /etc/nginx/conf.d/default.conf:32
2020/07/22 10:35:14 [emerg] 1#1: "proxy_pass" cannot have URI part in location given by regular expression, or inside named location, or inside "if" statement, or inside "limit_except" block in /etc/nginx/conf.d/default.conf:32
2020/07/22 10:35:16 [emerg] 1#1: "proxy_pass" cannot have URI part in location given by regular expression, or inside named location, or inside "if" statement, or inside "limit_except" block in /etc/nginx/conf.d/default.conf:32
2020/07/22 10:35:20 [emerg] 1#1: "proxy_pass" cannot have URI part in location given by regular expression, or inside named location, or inside "if" statement, or inside "limit_except" block in /etc/nginx/conf.d/default.conf:32
2020/07/22 10:35:27 [emerg] 1#1: "proxy_pass" cannot have URI part in location given by regular expression, or inside named location, or inside "if" statement, or inside "limit_except" block in /etc/nginx/conf.d/default.conf:32
2020/07/22 10:35:41 [emerg] 1#1: "proxy_pass" cannot have URI part in location given by regular expression, or inside named location, or inside "if" statement, or inside "limit_except" block in /etc/nginx/conf.d/default.conf:32
2020/07/22 11:56:56 [emerg] 1#1: host not found in upstream "microservices-auth-service-dev" in /etc/nginx/conf.d/default.conf:32
2020/07/22 11:56:57 [emerg] 1#1: host not found in upstream "microservices-auth-service-dev" in /etc/nginx/conf.d/default.conf:32
2020/07/22 11:56:58 [emerg] 1#1: host not found in upstream "microservices-auth-service-dev" in /etc/nginx/conf.d/default.conf:32
2020/07/22 11:57:00 [emerg] 1#1: host not found in upstream "microservices-auth-service-dev" in /etc/nginx/conf.d/default.conf:32
2020/07/22 11:57:01 [emerg] 1#1: host not found in upstream "microservices-auth-service-dev" in /etc/nginx/conf.d/default.conf:32
2020/07/22 11:57:03 [emerg] 1#1: host not found in upstream "microservices-auth-service-dev" in /etc/nginx/conf.d/default.conf:32
2020/07/22 11:57:07 [emerg] 1#1: host not found in upstream "microservices-auth-service-dev" in /etc/nginx/conf.d/default.conf:32
2020/07/22 11:57:15 [emerg] 1#1: host not found in upstream "microservices-auth-service-dev" in /etc/nginx/conf.d/default.conf:32
2020/07/22 11:57:28 [emerg] 1#1: host not found in upstream "microservices-auth-service-dev" in /etc/nginx/conf.d/default.conf:32
